 on 11:23:40
 on Sat Feb 27 2021 11:23:40 GMT+0700 (GMT+07:00)
on getTuVanByHopDongId function
on getToaThuocByHopDongId function
on connect
0 on CHC_GetMauTuVan HopDong_BenhNhan_Id  95740
1 on CHC_GetMauTuVan HopDong_BenhNhan_Id  95737
2 on CHC_GetMauTuVan HopDong_BenhNhan_Id  95739
3 on CHC_GetMauTuVan HopDong_BenhNhan_Id  95833
4 on CHC_GetMauTuVan HopDong_BenhNhan_Id  95834
5 on CHC_GetMauTuVan HopDong_BenhNhan_Id  95823
6 on CHC_GetMauTuVan HopDong_BenhNhan_Id  95761
7 on CHC_GetMauTuVan HopDong_BenhNhan_Id  95799
8 on CHC_GetMauTuVan HopDong_BenhNhan_Id  95814
9 on CHC_GetMauTuVan HopDong_BenhNhan_Id  95828
10 on CHC_GetMauTuVan HopDong_BenhNhan_Id  95798
11 on CHC_GetMauTuVan HopDong_BenhNhan_Id  95762
12 on CHC_GetMauTuVan HopDong_BenhNhan_Id  95758
13 on CHC_GetMauTuVan HopDong_BenhNhan_Id  95831
14 on CHC_GetMauTuVan HopDong_BenhNhan_Id  95771
15 on CHC_GetMauTuVan HopDong_BenhNhan_Id  95806
16 on CHC_GetMauTuVan HopDong_BenhNhan_Id  95835
17 on CHC_GetMauTuVan HopDong_BenhNhan_Id  95741
18 on CHC_GetMauTuVan HopDong_BenhNhan_Id  95815
19 on CHC_GetMauTuVan HopDong_BenhNhan_Id  95843
20 on CHC_GetMauTuVan HopDong_BenhNhan_Id  95792
21 on CHC_GetMauTuVan HopDong_BenhNhan_Id  95777
22 on CHC_GetMauTuVan HopDong_BenhNhan_Id  95754
23 on CHC_GetMauTuVan HopDong_BenhNhan_Id  95782
24 on CHC_GetMauTuVan HopDong_BenhNhan_Id  95836
25 on CHC_GetMauTuVan HopDong_BenhNhan_Id  95826
26 on CHC_GetMauTuVan HopDong_BenhNhan_Id  95811
27 on CHC_GetMauTuVan HopDong_BenhNhan_Id  95816
28 on CHC_GetMauTuVan HopDong_BenhNhan_Id  95773
29 on CHC_GetMauTuVan HopDong_BenhNhan_Id  95797
30 on CHC_GetMauTuVan HopDong_BenhNhan_Id  95789
31 on CHC_GetMauTuVan HopDong_BenhNhan_Id  95821
32 on CHC_GetMauTuVan HopDong_BenhNhan_Id  95755
33 on CHC_GetMauTuVan HopDong_BenhNhan_Id  95738
34 on CHC_GetMauTuVan HopDong_BenhNhan_Id  95837
35 on CHC_GetMauTuVan HopDong_BenhNhan_Id  95825
36 on CHC_GetMauTuVan HopDong_BenhNhan_Id  95838
37 on CHC_GetMauTuVan HopDong_BenhNhan_Id  95759
38 on CHC_GetMauTuVan HopDong_BenhNhan_Id  95766
39 on CHC_GetMauTuVan HopDong_BenhNhan_Id  95808
40 on CHC_GetMauTuVan HopDong_BenhNhan_Id  95796
41 on CHC_GetMauTuVan HopDong_BenhNhan_Id  95812
42 on CHC_GetMauTuVan HopDong_BenhNhan_Id  95748
43 on CHC_GetMauTuVan HopDong_BenhNhan_Id  95781
44 on CHC_GetMauTuVan HopDong_BenhNhan_Id  95829
45 on CHC_GetMauTuVan HopDong_BenhNhan_Id  95750
46 on CHC_GetMauTuVan HopDong_BenhNhan_Id  95763
47 on CHC_GetMauTuVan HopDong_BenhNhan_Id  95743
48 on CHC_GetMauTuVan HopDong_BenhNhan_Id  95747
49 on CHC_GetMauTuVan HopDong_BenhNhan_Id  95817
50 on CHC_GetMauTuVan HopDong_BenhNhan_Id  95772
51 on CHC_GetMauTuVan HopDong_BenhNhan_Id  95848
52 on CHC_GetMauTuVan HopDong_BenhNhan_Id  95764
53 on CHC_GetMauTuVan HopDong_BenhNhan_Id  95860
54 on CHC_GetMauTuVan HopDong_BenhNhan_Id  95795
55 on CHC_GetMauTuVan HopDong_BenhNhan_Id  95853
56 on CHC_GetMauTuVan HopDong_BenhNhan_Id  95788
57 on CHC_GetMauTuVan HopDong_BenhNhan_Id  95787
58 on CHC_GetMauTuVan HopDong_BenhNhan_Id  95784
59 on CHC_GetMauTuVan HopDong_BenhNhan_Id  95774
60 on CHC_GetMauTuVan HopDong_BenhNhan_Id  95791
61 on CHC_GetMauTuVan HopDong_BenhNhan_Id  95802
62 on CHC_GetMauTuVan HopDong_BenhNhan_Id  95851
63 on CHC_GetMauTuVan HopDong_BenhNhan_Id  95786
64 on CHC_GetMauTuVan HopDong_BenhNhan_Id  95858
65 on CHC_GetMauTuVan HopDong_BenhNhan_Id  95856
66 on CHC_GetMauTuVan HopDong_BenhNhan_Id  95820
67 on CHC_GetMauTuVan HopDong_BenhNhan_Id  95745
68 on CHC_GetMauTuVan HopDong_BenhNhan_Id  95855
69 on CHC_GetMauTuVan HopDong_BenhNhan_Id  95767
70 on CHC_GetMauTuVan HopDong_BenhNhan_Id  95849
71 on CHC_GetMauTuVan HopDong_BenhNhan_Id  95810
72 on CHC_GetMauTuVan HopDong_BenhNhan_Id  95904
73 on CHC_GetMauTuVan HopDong_BenhNhan_Id  95783
74 on CHC_GetMauTuVan HopDong_BenhNhan_Id  95779
75 on CHC_GetMauTuVan HopDong_BenhNhan_Id  95760
76 on CHC_GetMauTuVan HopDong_BenhNhan_Id  95746
77 on CHC_GetMauTuVan HopDong_BenhNhan_Id  95803
78 on CHC_GetMauTuVan HopDong_BenhNhan_Id  95861
79 on CHC_GetMauTuVan HopDong_BenhNhan_Id  95769
80 on CHC_GetMauTuVan HopDong_BenhNhan_Id  95744
81 on CHC_GetMauTuVan HopDong_BenhNhan_Id  95753
82 on CHC_GetMauTuVan HopDong_BenhNhan_Id  95775
83 on CHC_GetMauTuVan HopDong_BenhNhan_Id  95845
84 on CHC_GetMauTuVan HopDong_BenhNhan_Id  95752
85 on CHC_GetMauTuVan HopDong_BenhNhan_Id  95824
86 on CHC_GetMauTuVan HopDong_BenhNhan_Id  95805
87 on CHC_GetMauTuVan HopDong_BenhNhan_Id  95800
88 on CHC_GetMauTuVan HopDong_BenhNhan_Id  95857
89 on CHC_GetMauTuVan HopDong_BenhNhan_Id  95863
90 on CHC_GetMauTuVan HopDong_BenhNhan_Id  95830
91 on CHC_GetMauTuVan HopDong_BenhNhan_Id  95770
92 on CHC_GetMauTuVan HopDong_BenhNhan_Id  95842
93 on CHC_GetMauTuVan HopDong_BenhNhan_Id  95841
94 on CHC_GetMauTuVan HopDong_BenhNhan_Id  95813
95 on CHC_GetMauTuVan HopDong_BenhNhan_Id  95862
96 on CHC_GetMauTuVan HopDong_BenhNhan_Id  95751
97 on CHC_GetMauTuVan HopDong_BenhNhan_Id  95756
98 on CHC_GetMauTuVan HopDong_BenhNhan_Id  95822
99 on CHC_GetMauTuVan HopDong_BenhNhan_Id  95794
100 on CHC_GetMauTuVan HopDong_BenhNhan_Id  95793
101 on CHC_GetMauTuVan HopDong_BenhNhan_Id  95776
102 on CHC_GetMauTuVan HopDong_BenhNhan_Id  95847
103 on CHC_GetMauTuVan HopDong_BenhNhan_Id  95768
104 on CHC_GetMauTuVan HopDong_BenhNhan_Id  95827
105 on CHC_GetMauTuVan HopDong_BenhNhan_Id  95832
106 on CHC_GetMauTuVan HopDong_BenhNhan_Id  95807
107 on CHC_GetMauTuVan HopDong_BenhNhan_Id  95801
108 on CHC_GetMauTuVan HopDong_BenhNhan_Id  95809
109 on CHC_GetMauTuVan HopDong_BenhNhan_Id  95852
110 on CHC_GetMauTuVan HopDong_BenhNhan_Id  95778
111 on CHC_GetMauTuVan HopDong_BenhNhan_Id  95749
112 on CHC_GetMauTuVan HopDong_BenhNhan_Id  95850
113 on CHC_GetMauTuVan HopDong_BenhNhan_Id  95846
114 on CHC_GetMauTuVan HopDong_BenhNhan_Id  95819
115 on CHC_GetMauTuVan HopDong_BenhNhan_Id  95818
116 on CHC_GetMauTuVan HopDong_BenhNhan_Id  95839
117 on CHC_GetMauTuVan HopDong_BenhNhan_Id  95757
118 on CHC_GetMauTuVan HopDong_BenhNhan_Id  95790
119 on CHC_GetMauTuVan HopDong_BenhNhan_Id  95844
120 on CHC_GetMauTuVan HopDong_BenhNhan_Id  95859
121 on CHC_GetMauTuVan HopDong_BenhNhan_Id  95742
122 on CHC_GetMauTuVan HopDong_BenhNhan_Id  95785
123 on CHC_GetMauTuVan HopDong_BenhNhan_Id  95765
124 on CHC_GetMauTuVan HopDong_BenhNhan_Id  95840
125 on CHC_GetMauTuVan HopDong_BenhNhan_Id  95854
126 on CHC_GetMauTuVan HopDong_BenhNhan_Id  95780
127 on CHC_GetMauTuVan HopDong_BenhNhan_Id  95804
